Inicio de sesión;Juanito (2069969);Usuario propietario;12-05-2023 13:51:41
Inicio de sesión;Juanito (2069969);Usuario propietario;12-05-2023 13:52:43
Inicio de sesión;Juanito (2069969);Usuario propietario;13-05-2023 13:20:31
Inicio de sesión;Juanito (2057254);Usuario propietario;13-05-2023 20:04:31
Inicio de sesión;Juanito (2057254);Usuario propietario;13-05-2023 20:16:56
Inicio de sesión;Juanito (2057254);Usuario propietario;13-05-2023 20:20:19
Inicio de sesión;Juanito (2031726);Usuario propietario;13-05-2023 20:40:06
Cierre de sesión;Juanito (2031726);Usuario propietario;13-05-2023 20:41:47
Inicio de sesión;Vicente (2041847);Usuario propietario;13-05-2023 20:41:57
Cierre de sesión;Vicente (2041847);Usuario propietario;13-05-2023 20:43:45
Inicio de sesión;Vicente (2041847);Usuario propietario;13-05-2023 20:46:54
Inicio de sesión;Vicente (2034141);Usuario propietario;13-05-2023 20:58:43
Cierre de sesión;Vicente (2034141);Usuario propietario;13-05-2023 20:59:02
Inicio de sesión;Juanito (2050434);Usuario propietario;13-05-2023 21:22:15
Cierre de sesión;Juanito (2050434);Usuario propietario;13-05-2023 21:22:22
Inicio de sesión;Adrian(3048304);Usuario administrador;13-05-2023 21:22:46
Inicio de sesión;Josemi(3011289);Usuario administrador;13-05-2023 21:28:15
Cierre de sesión;Josemi(3011289);Usuario administrador;13-05-2023 21:28:45
Inicio de sesión;Adrian(3048304);Usuario administrador;13-05-2023 21:29:09
Inicio de sesión;Juanito (2039109);Usuario propietario;13-05-2023 21:57:46
Inicio de sesión;Juanito (2032515);Usuario propietario;13-05-2023 22:21:19
Cierre de sesión;Juanito (2032515);Usuario propietario;13-05-2023 22:48:38
Inicio de sesión;Felipe (2036110);Usuario propietario;13-05-2023 22:49:38
Inicio de sesión;Felipe (2011682);Usuario propietario;13-05-2023 22:56:31
Inicio de sesión;Felipe (2036645);Usuario propietario;13-05-2023 23:03:22
Eliminación de vivienda;Felipe (2036645);ID de la vivienda: 4013894;13-05-2023 23:03:30
Inicio de sesión;Felipe (2049785);Usuario propietario;13-05-2023 23:06:16
Inicio de sesión;Felipe (2006103);Usuario propietario;13-05-2023 23:09:41
Inicio de sesión;Felipe (2047186);Usuario propietario;13-05-2023 23:13:15
Inicio de sesión;Felipe (2080050);Usuario propietario;13-05-2023 23:17:37
Eliminación de vivienda;Felipe (2080050);ID de la vivienda: 4045976;13-05-2023 23:17:55
Cierre de sesión;Felipe (2080050);Usuario propietario;13-05-2023 23:19:34
Inicio de sesión;Felipe (2080050);Usuario propietario;13-05-2023 23:19:43
Eliminación de vivienda;Felipe (2080050);ID de la vivienda: 4010289;13-05-2023 23:22:21
Inicio de sesión;Felipe (2065043);Usuario propietario;13-05-2023 23:27:13
Eliminación de vivienda;Felipe (2065043);ID de la vivienda: 4017049;13-05-2023 23:27:18
Cierre de sesión;Felipe (2065043);Usuario propietario;13-05-2023 23:32:21
Inicio de sesión;Paco(1070606);Usuario normal;13-05-2023 23:32:32
Inicio de sesión;Paco(1040667);Usuario normal;13-05-2023 23:38:00
Inicio de sesión;Paco(1040667);Usuario normal;13-05-2023 23:45:33
Inicio de sesión;Juanito (2091281);Usuario propietario;14-05-2023 15:10:21
Inserción de Vivienda;Juanito (2091281);ID de la vivienda: 4054184;14-05-2023 15:22:19
Inicio de sesión;Paco(1090241);Usuario normal;14-05-2023 16:35:01
Inicio de sesión;Paco(1090241);Usuario normal;14-05-2023 16:43:40
Nueva reserva;Paco(1090241);ID de la vivienda: 4026041;14-05-2023 16:44:29
Inicio de sesión;Paco(1090241);Usuario normal;14-05-2023 16:46:56
Inicio de sesión;Paco(1090241);Usuario normal;14-05-2023 16:50:00
Inicio de sesión;Paco(1097147);Usuario normal;14-05-2023 17:04:39
Cierre de sesión;Paco(1097147);Usuario normal;14-05-2023 17:05:00
Inicio de sesión;adrian(1097147);Usuario normal;14-05-2023 17:05:06
Inicio de sesión;Paco(1004863);Usuario normal;15-05-2023 23:28:15
Inicio de sesión;Paco(1004863);Usuario normal;16-05-2023 14:14:33
Inicio de sesión;2(1004863);Usuario normal;16-05-2023 14:15:09
Inicio de sesión;2(1004863);Usuario normal;16-05-2023 14:17:50
Inicio de sesión;2(1004863);Usuario normal;16-05-2023 14:19:14
Cierre de sesión;Paco(1004863);Usuario normal;16-05-2023 14:20:53
Inicio de sesión;Adrian(3080590);Usuario administrador;17-05-2023 12:29:30
Inicio de sesión;Adrian(3080590);Usuario administrador;17-05-2023 12:30:12
Inicio de sesión;Paco(1022869);Usuario normal;17-05-2023 12:38:34
Inicio de sesión;Paco(1084950);Usuario normal;17-05-2023 12:44:31
Inicio de sesión;Paco(1023655);Usuario normal;18-05-2023 12:22:47
Cierre de sesión;Paco(1023655);Usuario normal;18-05-2023 12:22:53
Inicio de sesión;Adrian(3044215);Usuario administrador;18-05-2023 12:22:59
Inicio de sesión;Adrian(3044215);Usuario administrador;18-05-2023 17:58:05
Inicio de sesión;Adrian(3044215);Usuario administrador;18-05-2023 17:58:38
Inicio de sesión;Adrian(3044215);Usuario administrador;18-05-2023 18:01:17
Inicio de sesión;Adrian(3044215);Usuario administrador;18-05-2023 18:01:46
Inicio de sesión;Adrian(3044215);Usuario administrador;18-05-2023 18:04:51
Inicio de sesión;Paco(1023655);Usuario normal;18-05-2023 19:32:00
Inicio de sesión;Paco(1023655);Usuario normal;18-05-2023 19:35:13
Cierre de sesión;Paco(1023655);Usuario normal;18-05-2023 19:38:01
Inicio de sesión;Juanito (2074280);Usuario propietario;18-05-2023 19:38:39
Cierre de sesión;Juanito (2074280);Usuario propietario;18-05-2023 19:41:49
Inicio de sesión;Paco(1023655);Usuario normal;18-05-2023 19:41:55
Nueva reserva;Paco(1023655);ID de la vivienda: 4039838;18-05-2023 19:42:30
Cierre de sesión;Paco(1023655);Usuario normal;18-05-2023 19:43:00
Inicio de sesión;Juanito (2074280);Usuario propietario;18-05-2023 19:45:50
Cierre de sesión;Juanito (2074280);Usuario propietario;18-05-2023 19:47:35
Inicio de sesión;Adrian(3044215);Usuario administrador;18-05-2023 19:47:44
Inicio de sesión;Adrian(3044215);Usuario administrador;18-05-2023 19:50:49
Inicio de sesión;Adrian(3028837);Usuario administrador;18-05-2023 19:53:49
Inicio de sesión;Paco(1023825);Usuario normal;18-05-2023 19:59:30
Cierre de sesión;Paco(1023825);Usuario normal;18-05-2023 20:04:20
Inicio de sesión;Adrian(3028837);Usuario administrador;18-05-2023 20:04:28
Inicio de sesión;Paco(1023825);Usuario normal;19-05-2023 20:41:30
Cierre de sesión;Paco(1023825);Usuario normal;19-05-2023 20:41:40
Inicio de sesión;Paco(1023825);Usuario normal;19-05-2023 20:41:46
Cierre de sesión;Paco(1023825);Usuario normal;19-05-2023 20:42:20
Inicio de sesión;Paco(1023825);Usuario normal;19-05-2023 20:48:38
Cierre de sesión;Paco(1023825);Usuario normal;19-05-2023 20:49:12
Inicio de sesión;Paco(1023825);Usuario normal;19-05-2023 20:49:19
Inicio de sesión;Adrian(3028837);Usuario administrador;21-05-2023 13:28:22
Cierre de sesión;Adrian(3028837);Usuario administrador;21-05-2023 13:28:45
Inicio de sesión;Juanito (2099542);Usuario propietario;21-05-2023 13:29:02
Inicio de sesión;Juanito (2099542);Usuario propietario;21-05-2023 13:29:42
Cierre de sesión;Juanito (2099542);Usuario propietario;21-05-2023 13:30:04
Inicio de sesión;Vicente (2079491);Usuario propietario;21-05-2023 13:30:10
Inicio de sesión;Paco(1025042);Usuario normal;21-05-2023 17:27:03
Nueva reserva;Paco(1025042);ID de la vivienda: 4004221;21-05-2023 17:30:29
Inicio de sesión;Paco(1025042);Usuario normal;21-05-2023 17:32:09
Inicio de sesión;Vicente (2090430);Usuario propietario;21-05-2023 17:36:20
Inicio de sesión;Vicente (2024561);Usuario propietario;21-05-2023 17:42:53
Inicio de sesión;Paco(1066021);Usuario normal;21-05-2023 17:45:02
Nueva reserva;Paco(1066021);ID de la vivienda: 4065578;21-05-2023 17:50:25
Inicio de sesión;Paco(1066021);Usuario normal;21-05-2023 17:55:01
Nueva reserva;Paco(1066021);ID de la vivienda: 4060471;21-05-2023 17:55:35
Inicio de sesión;Paco(1066021);Usuario normal;21-05-2023 17:59:38
Nueva reserva;Paco(1066021);ID de la vivienda: 4041621;21-05-2023 18:00:20
Inicio de sesión;Paco(1093886);Usuario normal;21-05-2023 18:05:48
Nueva reserva;Paco(1093886);ID de la vivienda: 4016255;21-05-2023 18:06:42
Inicio de sesión;Paco(1093886);Usuario normal;21-05-2023 18:09:40
Nueva reserva;Paco(1093886);ID de la vivienda: 4011380;21-05-2023 18:12:13
Inicio de sesión;Paco(1093886);Usuario normal;21-05-2023 18:13:57
Inicio de sesión;Paco(1093886);Usuario normal;21-05-2023 18:20:00
Inicio de sesión;Paco(1035726);Usuario normal;21-05-2023 18:24:55
Inicio de sesión;Paco(1035726);Usuario normal;21-05-2023 18:35:01
Inicio de sesión;Paco(1030507);Usuario normal;21-05-2023 18:36:11
Inicio de sesión;Paco(1030507);Usuario normal;21-05-2023 18:38:52
Inicio de sesión;Paco(1030507);Usuario normal;21-05-2023 18:41:39
Inicio de sesión;Paco(1030507);Usuario normal;21-05-2023 18:46:37
Inicio de sesión;Paco(1030507);Usuario normal;21-05-2023 18:49:18
Cierre de sesión;adrian(1030507);Usuario normal;21-05-2023 19:00:19
Inicio de sesión;Vicente (2029703);Usuario propietario;21-05-2023 19:00:35
Cierre de sesión;Vicente (2029703);Usuario propietario;21-05-2023 19:04:12
Inicio de sesión;adrian(1030507);Usuario normal;21-05-2023 19:04:18
Inicio de sesión;Vicente (2002015);Usuario propietario;21-05-2023 19:17:21
Nuevo periodo no disponibilidad;Vicente (2002015);ID de la vivienda: 4018112;21-05-2023 19:19:37
Inserción de Vivienda;Vicente (2002015);ID de la vivienda: 4034618;21-05-2023 19:22:12
Inicio de sesión;Vicente (2002015);Usuario propietario;21-05-2023 19:23:48
Inicio de sesión;Vicente (2002015);Usuario propietario;21-05-2023 19:28:47
Inicio de sesión;Vicente (2002015);Usuario propietario;21-05-2023 19:31:26
Inicio de sesión;Vicente (2002015);Usuario propietario;21-05-2023 19:33:57
Eliminación de vivienda;Vicente (2002015);ID de la vivienda: 4034618;21-05-2023 19:34:37
Cierre de sesión;vicentito(2002015);Usuario propietario;21-05-2023 19:37:34
Inicio de sesión;Adrian(3064082);Usuario administrador;21-05-2023 19:37:41
Inicio de sesión;Adrian(3064082);Usuario administrador;21-05-2023 19:46:10
Inicio de sesión;Adrian(3064082);Usuario administrador;21-05-2023 19:47:21
Inicio de sesión;Adrian(3005673);Usuario administrador;21-05-2023 19:53:41
Inicio de sesión;Adrian(3081400);Usuario administrador;21-05-2023 20:01:51
Inicio de sesión;Adrian(3081400);Usuario administrador;21-05-2023 20:03:47
Inicio de sesión;Adrian(3081400);Usuario administrador;21-05-2023 20:12:30
Inicio de sesión;Adrian(3081400);Usuario administrador;21-05-2023 20:15:23
Inicio de sesión;Adrian(3081400);Usuario administrador;21-05-2023 20:16:26
Inicio de sesión;Adrian(3081400);Usuario administrador;21-05-2023 20:18:40
Inicio de sesión;Adrian(3049416);Usuario administrador;21-05-2023 20:20:32
Inicio de sesión;Adrian(3049416);Usuario administrador;21-05-2023 20:21:28
Inicio de sesión;Adrian(3049416);Usuario administrador;21-05-2023 20:21:55
Inicio de sesión;Adrian(3047334);Usuario administrador;21-05-2023 20:27:42
Inicio de sesión;Adrian(3049416);Usuario administrador;21-05-2023 20:28:17
Inicio de sesión;Adrian(3049416);Usuario administrador;21-05-2023 20:32:45
Inicio de sesión;Adrian(3049416);Usuario administrador;21-05-2023 20:33:27
Inicio de sesión;Adrian(3049416);Usuario administrador;21-05-2023 20:38:11
Inicio de sesión;Adrian(3049416);Usuario administrador;21-05-2023 20:38:56
Inicio de sesión;adrian(1002191);Usuario normal;21-05-2023 22:04:25
Inicio de sesión;adrian(1002191);Usuario normal;21-05-2023 22:18:31
Cierre de sesión;adrian(1002191);Usuario normal;21-05-2023 22:19:08
Inicio de sesión;adrian(1002191);Usuario normal;21-05-2023 22:19:54
Inicio de sesión;adrian(1002191);Usuario normal;21-05-2023 22:21:31
Inicio de sesión;Paco(1001177);Usuario normal;28-08-2023 23:01:58
Inicio de sesión;Vicente (2060602);Usuario propietario;16-09-2023 14:04:37
Inicio de sesión;Paco(1035521);Usuario normal;17-09-2023 23:07:12
Inicio de sesión;Paco(1001177);Usuario normal;28-10-2023 21:10:44
