Inserción de Vivienda;Vicente (2037774);ID de la vivienda: 4095199;24-09-2023 19:14:28
Inserción de Vivienda;Vicente (2037774);ID de la vivienda: 4077739;24-09-2023 19:16:54
Inserción de Vivienda;Vicente (2037774);ID de la vivienda: 4063415;24-09-2023 19:20:33
Cierre de sesión;Vicente (2037774);Usuario propietario;24-09-2023 19:21:21
Cierre de sesión;Vicente (2037774);Usuario propietario;24-09-2023 19:45:23
Nueva reserva;Paco(1001177);ID de la vivienda: 4063415;24-09-2023 19:46:15
Cierre de sesión;Vicente (2037774);Usuario propietario;25-09-2023 19:47:18
Cierre de sesión;Paco(1001177);Usuario normal;24-09-2023 19:53:36
Cierre de sesión;Adrian(3075152);Usuario administrador;24-09-2023 21:32:58
Cierre de sesión;Paco(1001177);Usuario normal;24-09-2023 21:33:07
Cierre de sesión;Adrian(3075152);Usuario administrador;24-09-2023 21:34:41
Cierre de sesión;Paco(1001177);Usuario normal;24-09-2023 21:36:27
Cierre de sesión;Vicente (2037774);Usuario propietario;24-09-2023 21:37:54
Cierre de sesión;Paco(1001177);Usuario normal;24-09-2023 21:38:36
Cierre de sesión;Paco(1001177);Usuario normal;24-09-2023 21:42:25
Cierre de sesión;Adrian(3075152);Usuario administrador;24-09-2023 21:46:18
Cierre de sesión;Paco(1001177);Usuario normal;24-09-2023 21:49:33
Cierre de sesión;Adrian(3075152);Usuario administrador;24-09-2023 23:28:37
Cierre de sesión;Paco(1001177);Usuario normal;24-09-2023 23:29:15
Cierre de sesión;Adrian(3075152);Usuario administrador;25-09-2023 00:18:36
Nueva reserva;Paco(1001177);ID de la vivienda: 4006477;25-09-2023 00:37:01
Cierre de sesión;Paco(1001177);Usuario normal;25-09-2023 00:45:58
Nuevo periodo no disponibilidad;Vicente (2037774);ID de la vivienda: 4063415;25-09-2023 01:16:38
Cierre de sesión;Vicente (2037774);Usuario propietario;25-09-2023 01:29:34
Cierre de sesión;asd (1066871);Usuario normal;25-09-2023 13:42:02
Nueva reserva;Carlos Barroso(1081858);ID de la vivienda: 4006477;06-10-2023 14:32:18
Cierre de sesión;Carlos Barroso(1081858);Usuario normal;06-10-2023 14:32:59
Cierre de sesión;Juanito (2029529);Usuario propietario;06-10-2023 14:33:27
Cierre de sesión;Juanito (2029529);Usuario propietario;06-10-2023 14:35:03
Cierre de sesión;Adrian(3075152);Usuario administrador;06-10-2023 14:38:04
Inserción de Vivienda;Juanito (2029529);ID de la vivienda: 4017094;06-10-2023 14:39:46
Cierre de sesión;Paco(1001177);Usuario normal;06-10-2023 18:12:13
Inserción de Vivienda;Vicente (2037774);ID de la vivienda: 4099115;06-10-2023 18:21:53
Cierre de sesión;Vicente (2037774);Usuario propietario;06-10-2023 18:25:51
Nueva reserva;Pablo(1053417);ID de la vivienda: 4057887;24-01-2024 10:56:46
Nueva reserva;Pablo(1053417);ID de la vivienda: 4057887;24-01-2024 10:57:18
Nueva reserva;Alex(1028165);ID de la vivienda: 4062394;24-01-2024 10:57:48
Nueva reserva;Alex(1028165);ID de la vivienda: 4062394;24-01-2024 10:57:56
Nueva reserva;Francisco Rodrigo Romera Miranda(1019256);ID de la vivienda: 4097175;24-01-2024 10:58:15
Nueva reserva;alejandro(1087907);ID de la vivienda: 4006477;24-01-2024 10:59:45
Nueva reserva;maria(1069283);ID de la vivienda: 4062394;24-01-2024 11:00:10
Nueva reserva;alejandro(1087907);ID de la vivienda: 4006477;24-01-2024 11:00:17
Nueva reserva;Manuel Jose(1007357);ID de la vivienda: 4097175;24-01-2024 11:09:09
Nueva reserva;Adrian(1061966);ID de la vivienda: 4057887;24-01-2024 11:09:50
Nueva reserva;Jose Soriano(1069802);ID de la vivienda: 4049062;24-01-2024 11:09:56
Nueva reserva;prueba(1015101);ID de la vivienda: 4062394;24-01-2024 11:11:43
Cierre de sesión;Paco(1001177);Usuario normal;24-01-2024 11:12:34
Cierre de sesión;prueba(1015101);Usuario normal;24-01-2024 11:13:19
Cierre de sesión;Adrian(3075152);Usuario administrador;24-01-2024 11:13:48
Cierre de sesión;Paco(1001177);Usuario normal;24-01-2024 11:14:29
Nueva reserva;Paco(1001177);ID de la vivienda: 4029237;24-01-2024 11:59:28
Inserción de Vivienda;Vicente (2037774);ID de la vivienda: 4025283;24-01-2024 12:03:21
